<?xml version="1.0" encoding="UTF-8"?>
<TestRun id="8754ed52-5dfe-41bf-aea4-c8330036addb" name="wuyq@POS744 2011-04-09 21:38:39" runUser="POS744\wuyq" xmlns="http://microsoft.com/schemas/VisualStudio/TeamTest/2010">
  <TestSettings name="Local" id="0ba809b6-7e05-4f0e-a3d9-7ff8e45887e5">
    <Description>These are default test settings for a local test run.</Description>
    <Deployment enabled="false" runDeploymentRoot="wuyq_POS744 2011-04-09 21_38_39">
      <DeploymentItem filename="C:\Documents and Settings\wuyq\WebDevAssgn\BusinessTier\bin\Debug\BusinessTier.dll" />
      <DeploymentItem filename="C:\Documents and Settings\wuyq\WebDevAssgn\PersistData\bin\Debug\PersistData.dll" />
    </Deployment>
    <Execution>
      <TestTypeSpecific />
      <AgentRule name="Execution Agents">
      </AgentRule>
    </Execution>
  </TestSettings>
  <Times creation="2011-04-09T21:38:39.0156250+08:00" queuing="2011-04-09T21:38:42.3750000+08:00" start="2011-04-09T21:38:42.5312500+08:00" finish="2011-04-09T21:38:50.2187500+08:00" />
  <ResultSummary outcome="Completed">
    <Counters total="1" executed="1" passed="1" error="0" failed="0" timeout="0" aborted="0" inconclusive="0" passedButRunAborted="0" notRunnable="0" notExecuted="0" disconnected="0" warning="0" completed="0" inProgress="0" pending="0" />
  </ResultSummary>
  <TestDefinitions>
    <UnitTest name="TestMethod1" storage="c:\documents and settings\wuyq\webdevassgn\testproject_persist\bin\debug\testproject_persist.dll" id="f98ae9e8-ea37-41ef-f607-119e6fe0cae0">
      <Execution id="9a9c7be5-8824-4e6c-8834-f4285e70e0bd" />
      <TestMethod codeBase="C:/Documents and Settings/wuyq/WebDevAssgn/TestProject_Persist/bin/Debug/TestProject_Persist.DLL" adapterTypeName="Microsoft.VisualStudio.TestTools.TestTypes.Unit.UnitTestAdapter, Microsoft.VisualStudio.QualityTools.Tips.UnitTest.Adapter, Version=10.0.0.0, Culture=neutral, PublicKeyToken=b03f5f7f11d50a3a" className="TestProject_Persist.PersitDataUnitTest, TestProject_Persist, Version=1.0.0.0, Culture=neutral, PublicKeyToken=null" name="TestMethod1" />
    </UnitTest>
  </TestDefinitions>
  <TestLists>
    <TestList name="Results Not in a List" id="8c84fa94-04c1-424b-9868-57a2d4851a1d" />
    <TestList name="All Loaded Results" id="19431567-8539-422a-85d7-44ee4e166bda" />
  </TestLists>
  <TestEntries>
    <TestEntry testId="f98ae9e8-ea37-41ef-f607-119e6fe0cae0" executionId="9a9c7be5-8824-4e6c-8834-f4285e70e0bd" testListId="8c84fa94-04c1-424b-9868-57a2d4851a1d" />
  </TestEntries>
  <Results>
    <UnitTestResult executionId="9a9c7be5-8824-4e6c-8834-f4285e70e0bd" testId="f98ae9e8-ea37-41ef-f607-119e6fe0cae0" testName="TestMethod1" computerName="POS744" duration="00:00:05.6528804" startTime="2011-04-09T21:38:42.6406250+08:00" endTime="2011-04-09T21:38:50.0156250+08:00" testType="13cdc9d9-ddb5-4fa4-a97d-d965ccfc6d4b" outcome="Passed" testListId="8c84fa94-04c1-424b-9868-57a2d4851a1d" relativeResultsDirectory="9a9c7be5-8824-4e6c-8834-f4285e70e0bd">
      <Output>
        <StdOut>first dishSesame Prawn Toast
4

    if exists (select 1 from sys.objects where object_id = OBJECT_ID(N'[FK57F00520D2FD53D]') AND parent_object_id = OBJECT_ID('ORDER_ITEMS'))
alter table ORDER_ITEMS  drop constraint FK57F00520D2FD53D


    if exists (select 1 from sys.objects where object_id = OBJECT_ID(N'[FK57F0052012F47A1F]') AND parent_object_id = OBJECT_ID('ORDER_ITEMS'))
alter table ORDER_ITEMS  drop constraint FK57F0052012F47A1F


    if exists (select * from dbo.sysobjects where id = object_id(N'DishItem') and OBJECTPROPERTY(id, N'IsUserTable') = 1) drop table DishItem

    if exists (select * from dbo.sysobjects where id = object_id(N'ORDER_ITEMS') and OBJECTPROPERTY(id, N'IsUserTable') = 1) drop table ORDER_ITEMS

    if exists (select * from dbo.sysobjects where id = object_id(N'TOrder') and OBJECTPROPERTY(id, N'IsUserTable') = 1) drop table TOrder

    create table DishItem (
        Id BIGINT IDENTITY NOT NULL,
       Name NVARCHAR(64) not null,
       Descript NVARCHAR(128) not null,
       Price REAL null,
       primary key (Id)
    )

    create table ORDER_ITEMS (
        ORDER_ITEM_ID BIGINT IDENTITY NOT NULL,
       DISHID BIGINT not null,
       DISHNAME NVARCHAR(255) not null,
       PRICE DOUBLE PRECISION not null,
       AMOUNT DOUBLE PRECISION not null,
       SUBPRICE DOUBLE PRECISION not null,
       TEXT NVARCHAR(255) not null,
       ORDER_ID BIGINT not null,
       primary key (ORDER_ITEM_ID)
    )

    create table TOrder (
        ORDER_ID BIGINT IDENTITY NOT NULL,
       NAME NVARCHAR(255) not null,
       ADDRESS NVARCHAR(255) not null,
       PHONE NVARCHAR(255) not null,
       ADDTEXT NVARCHAR(255) not null,
       ORDER_TIME DATETIME not null,
       primary key (ORDER_ID)
    )

    alter table ORDER_ITEMS 
        add constraint FK57F00520D2FD53D 
        foreign key (ORDER_ID) 
        references TOrder

    alter table ORDER_ITEMS 
        add constraint FK57F0052012F47A1F 
        foreign key (ORDER_ITEM_ID) 
        references TOrder

    if exists (select 1 from sys.objects where object_id = OBJECT_ID(N'[FK57F00520D2FD53D]') AND parent_object_id = OBJECT_ID('ORDER_ITEMS'))
alter table ORDER_ITEMS  drop constraint FK57F00520D2FD53D


    if exists (select 1 from sys.objects where object_id = OBJECT_ID(N'[FK57F0052012F47A1F]') AND parent_object_id = OBJECT_ID('ORDER_ITEMS'))
alter table ORDER_ITEMS  drop constraint FK57F0052012F47A1F


    if exists (select * from dbo.sysobjects where id = object_id(N'DishItem') and OBJECTPROPERTY(id, N'IsUserTable') = 1) drop table DishItem

    if exists (select * from dbo.sysobjects where id = object_id(N'ORDER_ITEMS') and OBJECTPROPERTY(id, N'IsUserTable') = 1) drop table ORDER_ITEMS

    if exists (select * from dbo.sysobjects where id = object_id(N'TOrder') and OBJECTPROPERTY(id, N'IsUserTable') = 1) drop table TOrder

    create table DishItem (
        Id BIGINT IDENTITY NOT NULL,
       Name NVARCHAR(64) not null,
       Descript NVARCHAR(128) not null,
       Price REAL null,
       primary key (Id)
    )

    create table ORDER_ITEMS (
        ORDER_ITEM_ID BIGINT IDENTITY NOT NULL,
       DISHID BIGINT not null,
       DISHNAME NVARCHAR(255) not null,
       PRICE DOUBLE PRECISION not null,
       AMOUNT DOUBLE PRECISION not null,
       SUBPRICE DOUBLE PRECISION not null,
       TEXT NVARCHAR(255) not null,
       ORDER_ID BIGINT not null,
       primary key (ORDER_ITEM_ID)
    )

    create table TOrder (
        ORDER_ID BIGINT IDENTITY NOT NULL,
       NAME NVARCHAR(255) not null,
       ADDRESS NVARCHAR(255) not null,
       PHONE NVARCHAR(255) not null,
       ADDTEXT NVARCHAR(255) not null,
       ORDER_TIME DATETIME not null,
       primary key (ORDER_ID)
    )

    alter table ORDER_ITEMS 
        add constraint FK57F00520D2FD53D 
        foreign key (ORDER_ID) 
        references TOrder

    alter table ORDER_ITEMS 
        add constraint FK57F0052012F47A1F 
        foreign key (ORDER_ITEM_ID) 
        references TOrder</StdOut>
      </Output>
    </UnitTestResult>
  </Results>
</TestRun>