<?xml version="1.0" encoding="UTF-8"?>
<TestRun id="6633154e-5ad5-4b2a-85d3-78465d5bcd44" name="wuyq@POS744 2011-04-09 21:10:45" runUser="POS744\wuyq" xmlns="http://microsoft.com/schemas/VisualStudio/TeamTest/2010">
  <TestSettings name="Local" id="0ba809b6-7e05-4f0e-a3d9-7ff8e45887e5">
    <Description>These are default test settings for a local test run.</Description>
    <Deployment enabled="false" runDeploymentRoot="wuyq_POS744 2011-04-09 21_10_45">
      <DeploymentItem filename="C:\Documents and Settings\wuyq\WebDevAssgn\BusinessTier\bin\Debug\BusinessTier.dll" />
      <DeploymentItem filename="C:\Documents and Settings\wuyq\WebDevAssgn\PersistData\bin\Debug\PersistData.dll" />
    </Deployment>
    <Execution>
      <TestTypeSpecific />
      <AgentRule name="Execution Agents">
      </AgentRule>
    </Execution>
  </TestSettings>
  <Times creation="2011-04-09T21:10:45.3593750+08:00" queuing="2011-04-09T21:10:48.2343750+08:00" start="2011-04-09T21:10:48.5000000+08:00" finish="2011-04-09T21:12:49.5000000+08:00" />
  <ResultSummary outcome="Failed">
    <Counters total="1" executed="1" error="0" failed="1" timeout="0" aborted="0" inconclusive="0" passedButRunAborted="0" notRunnable="0" notExecuted="0" disconnected="0" warning="0" passed="0" completed="0" inProgress="0" pending="0" />
  </ResultSummary>
  <TestDefinitions>
    <UnitTest name="TestMethod1" storage="c:\documents and settings\wuyq\webdevassgn\testproject_persist\bin\debug\testproject_persist.dll" id="f98ae9e8-ea37-41ef-f607-119e6fe0cae0">
      <Execution id="1876cbc4-1752-4e85-abbb-d22126ab87d6" />
      <TestMethod codeBase="C:/Documents and Settings/wuyq/WebDevAssgn/TestProject_Persist/bin/Debug/TestProject_Persist.DLL" adapterTypeName="Microsoft.VisualStudio.TestTools.TestTypes.Unit.UnitTestAdapter, Microsoft.VisualStudio.QualityTools.Tips.UnitTest.Adapter, Version=10.0.0.0, Culture=neutral, PublicKeyToken=b03f5f7f11d50a3a" className="TestProject_Persist.PersitDataUnitTest, TestProject_Persist, Version=1.0.0.0, Culture=neutral, PublicKeyToken=null" name="TestMethod1" />
    </UnitTest>
  </TestDefinitions>
  <TestLists>
    <TestList name="Results Not in a List" id="8c84fa94-04c1-424b-9868-57a2d4851a1d" />
    <TestList name="All Loaded Results" id="19431567-8539-422a-85d7-44ee4e166bda" />
  </TestLists>
  <TestEntries>
    <TestEntry testId="f98ae9e8-ea37-41ef-f607-119e6fe0cae0" executionId="1876cbc4-1752-4e85-abbb-d22126ab87d6" testListId="8c84fa94-04c1-424b-9868-57a2d4851a1d" />
  </TestEntries>
  <Results>
    <UnitTestResult executionId="1876cbc4-1752-4e85-abbb-d22126ab87d6" testId="f98ae9e8-ea37-41ef-f607-119e6fe0cae0" testName="TestMethod1" computerName="POS744" duration="00:01:58.8285086" startTime="2011-04-09T21:10:48.7500000+08:00" endTime="2011-04-09T21:12:49.2343750+08:00" testType="13cdc9d9-ddb5-4fa4-a97d-d965ccfc6d4b" outcome="Failed" testListId="8c84fa94-04c1-424b-9868-57a2d4851a1d" relativeResultsDirectory="1876cbc4-1752-4e85-abbb-d22126ab87d6">
      <Output>
        <ErrorInfo>
          <Message>Test method TestProject_Persist.PersitDataUnitTest.TestMethod1 threw exception: 
System.TypeInitializationException: The type initializer for 'PersistData.NHibernateHelper' threw an exception. ---&gt; NHibernate.MappingException: Could not compile the mapping document: TestProject_Persist.TOrderItem.hbm.xml ---&gt; NHibernate.MappingException: class PersistData.TOrderItem, PersistData, Version=1.0.0.0, Culture=neutral, PublicKeyToken=null not found while looking for property: TOrder ---&gt; NHibernate.PropertyNotFoundException: Could not find a getter for property 'TOrder' in class 'PersistData.TOrderItem'</Message>
          <StackTrace>    at NHibernate.Properties.BasicPropertyAccessor.GetGetter(Type type, String propertyName)
   at NHibernate.Util.ReflectHelper.GetGetter(Type theClass, String propertyName, String propertyAccessorName)
   at NHibernate.Util.ReflectHelper.ReflectedPropertyClass(String className, String name, String accessorName)
 --- End of inner exception stack trace ---
    at NHibernate.Util.ReflectHelper.ReflectedPropertyClass(String className, String name, String accessorName)
   at NHibernate.Mapping.ToOne.SetTypeUsingReflection(String className, String propertyName, String accesorName)
   at NHibernate.Cfg.XmlHbmBinding.ClassBinder.CreateProperty(IValue value, String propertyName, String className, XmlNode subnode, IDictionary`2 inheritedMetas)
   at NHibernate.Cfg.XmlHbmBinding.ClassBinder.PropertiesFromXML(XmlNode node, PersistentClass model, IDictionary`2 inheritedMetas, UniqueKey uniqueKey, Boolean mutable, Boolean nullable, Boolean naturalId)
   at NHibernate.Cfg.XmlHbmBinding.ClassBinder.PropertiesFromXML(XmlNode node, PersistentClass model, IDictionary`2 inheritedMetas)
   at NHibernate.Cfg.XmlHbmBinding.RootClassBinder.Bind(XmlNode node, HbmClass classSchema, IDictionary`2 inheritedMetas)
   at NHibernate.Cfg.XmlHbmBinding.MappingRootBinder.AddRootClasses(XmlNode parentNode, IDictionary`2 inheritedMetas)
   at NHibernate.Cfg.XmlHbmBinding.MappingRootBinder.Bind(XmlNode node)
   at NHibernate.Cfg.Configuration.AddValidatedDocument(NamedXmlDocument doc)
 --- End of inner exception stack trace ---
    at NHibernate.Cfg.Configuration.LogAndThrow(Exception exception)
   at NHibernate.Cfg.Configuration.AddValidatedDocument(NamedXmlDocument doc)
   at NHibernate.Cfg.Configuration.ProcessMappingsQueue()
   at NHibernate.Cfg.Configuration.AddDocumentThroughQueue(NamedXmlDocument document)
   at NHibernate.Cfg.Configuration.AddXmlReader(XmlReader hbmReader, String name)
   at NHibernate.Cfg.Configuration.AddInputStream(Stream xmlInputStream, String name)
   at NHibernate.Cfg.Configuration.AddResource(String path, Assembly assembly)
   at NHibernate.Cfg.Configuration.AddAssembly(Assembly assembly)
   at NHibernate.Cfg.Configuration.AddAssembly(String assemblyName)
   at NHibernate.Cfg.Configuration.DoConfigure(IHibernateConfiguration hc)
   at NHibernate.Cfg.Configuration.Configure(XmlReader textReader)
   at NHibernate.Cfg.Configuration.Configure(String fileName, Boolean ignoreSessionFactoryConfig)
   at NHibernate.Cfg.Configuration.Configure(String fileName)
   at NHibernate.Cfg.Configuration.Configure()
   at PersistData.NHibernateHelper..cctor() in C:\Documents and Settings\wuyq\WebDevAssgn\PersistData\NHibernateHelper.cs:line 20
 --- End of inner exception stack trace ---
    at PersistData.NHibernateHelper.GetCurrentSession()
   at PersistData.DishItemObjs.GetAllDishItem() in C:\Documents and Settings\wuyq\WebDevAssgn\PersistData\DishItemObjs.cs:line 18
   at TestProject_Persist.PersitDataUnitTest.TestMethod1() in C:\Documents and Settings\wuyq\WebDevAssgn\TestProject_Persist\PersitDataUnitTest.cs:line 20
</StackTrace>
        </ErrorInfo>
      </Output>
    </UnitTestResult>
  </Results>
</TestRun>