<?xml version="1.0" encoding="UTF-8"?>
<TestRun id="5a0f6b5b-a2f0-49bf-baaa-ee9b5a1ebda4" name="wuyq@POS744 2011-04-06 20:54:57" runUser="POS744\wuyq" xmlns="http://microsoft.com/schemas/VisualStudio/TeamTest/2010">
  <TestSettings name="Local" id="0ba809b6-7e05-4f0e-a3d9-7ff8e45887e5">
    <Description>These are default test settings for a local test run.</Description>
    <Deployment enabled="false" runDeploymentRoot="wuyq_POS744 2011-04-06 20_54_57">
      <DeploymentItem filename="d:\MyDocs\Visual Studio 2010\Projects\GitExtTest\PersistData\bin\Debug\PersistData.dll" />
    </Deployment>
    <Execution>
      <TestTypeSpecific />
      <AgentRule name="Execution Agents">
      </AgentRule>
    </Execution>
  </TestSettings>
  <Times creation="2011-04-06T20:54:57.1875000+08:00" queuing="2011-04-06T20:54:59.1718750+08:00" start="2011-04-06T20:54:59.2968750+08:00" finish="2011-04-06T20:55:17.4687500+08:00" />
  <ResultSummary outcome="Failed">
    <Counters total="1" executed="1" error="0" failed="1" timeout="0" aborted="0" inconclusive="0" passedButRunAborted="0" notRunnable="0" notExecuted="0" disconnected="0" warning="0" passed="0" completed="0" inProgress="0" pending="0" />
  </ResultSummary>
  <TestDefinitions>
    <UnitTest name="TestMethod1" storage="d:\mydocs\visual studio 2010\projects\gitexttest\testproject_persist\bin\debug\testproject_persist.dll" id="f98ae9e8-ea37-41ef-f607-119e6fe0cae0">
      <Execution id="b2e3c651-a8b2-4b05-9a69-12a1a962c98d" />
      <TestMethod codeBase="d:/MyDocs/Visual Studio 2010/Projects/GitExtTest/TestProject_Persist/bin/Debug/TestProject_Persist.DLL" adapterTypeName="Microsoft.VisualStudio.TestTools.TestTypes.Unit.UnitTestAdapter, Microsoft.VisualStudio.QualityTools.Tips.UnitTest.Adapter, Version=10.0.0.0, Culture=neutral, PublicKeyToken=b03f5f7f11d50a3a" className="TestProject_Persist.PersitDataUnitTest, TestProject_Persist, Version=1.0.0.0, Culture=neutral, PublicKeyToken=null" name="TestMethod1" />
    </UnitTest>
  </TestDefinitions>
  <TestLists>
    <TestList name="Results Not in a List" id="8c84fa94-04c1-424b-9868-57a2d4851a1d" />
    <TestList name="All Loaded Results" id="19431567-8539-422a-85d7-44ee4e166bda" />
  </TestLists>
  <TestEntries>
    <TestEntry testId="f98ae9e8-ea37-41ef-f607-119e6fe0cae0" executionId="b2e3c651-a8b2-4b05-9a69-12a1a962c98d" testListId="8c84fa94-04c1-424b-9868-57a2d4851a1d" />
  </TestEntries>
  <Results>
    <UnitTestResult executionId="b2e3c651-a8b2-4b05-9a69-12a1a962c98d" testId="f98ae9e8-ea37-41ef-f607-119e6fe0cae0" testName="TestMethod1" computerName="POS744" duration="00:00:16.9277651" startTime="2011-04-06T20:54:59.3750000+08:00" endTime="2011-04-06T20:55:17.3437500+08:00" testType="13cdc9d9-ddb5-4fa4-a97d-d965ccfc6d4b" outcome="Failed" testListId="8c84fa94-04c1-424b-9868-57a2d4851a1d" relativeResultsDirectory="b2e3c651-a8b2-4b05-9a69-12a1a962c98d">
      <Output>
        <ErrorInfo>
          <Message>Test method TestProject_Persist.PersitDataUnitTest.TestMethod1 threw exception: 
NHibernate.Hql.Ast.ANTLR.QuerySyntaxException: DishItem is not mapped [select c from DishItem as c where c.Id &lt;= :MaxID]</Message>
          <StackTrace>    at NHibernate.Hql.Ast.ANTLR.SessionFactoryHelperExtensions.RequireClassPersister(String name)
   at NHibernate.Hql.Ast.ANTLR.Tree.FromElementFactory.AddFromElement()
   at NHibernate.Hql.Ast.ANTLR.Tree.FromClause.AddFromElement(String path, IASTNode alias)
   at NHibernate.Hql.Ast.ANTLR.HqlSqlWalker.CreateFromElement(String path, IASTNode pathNode, IASTNode alias, IASTNode propertyFetch)
   at NHibernate.Hql.Ast.ANTLR.HqlSqlWalker.fromElement()
   at NHibernate.Hql.Ast.ANTLR.HqlSqlWalker.fromElementList()
   at NHibernate.Hql.Ast.ANTLR.HqlSqlWalker.fromClause()
   at NHibernate.Hql.Ast.ANTLR.HqlSqlWalker.unionedQuery()
   at NHibernate.Hql.Ast.ANTLR.HqlSqlWalker.query()
   at NHibernate.Hql.Ast.ANTLR.HqlSqlWalker.selectStatement()
   at NHibernate.Hql.Ast.ANTLR.HqlSqlWalker.statement()
   at NHibernate.Hql.Ast.ANTLR.HqlSqlTranslator.Translate()
   at NHibernate.Hql.Ast.ANTLR.QueryTranslatorImpl.Analyze(HqlParseEngine parser, String collectionRole)
   at NHibernate.Hql.Ast.ANTLR.QueryTranslatorImpl.DoCompile(IDictionary`2 replacements, Boolean shallow, String collectionRole)
   at NHibernate.Hql.Ast.ANTLR.QueryTranslatorImpl.Compile(IDictionary`2 replacements, Boolean shallow)
   at NHibernate.Engine.Query.HQLQueryPlan..ctor(String hql, String collectionRole, Boolean shallow, IDictionary`2 enabledFilters, ISessionFactoryImplementor factory)
   at NHibernate.Engine.Query.HQLQueryPlan..ctor(String hql, Boolean shallow, IDictionary`2 enabledFilters, ISessionFactoryImplementor factory)
   at NHibernate.Engine.Query.QueryPlanCache.GetHQLQueryPlan(String queryString, Boolean shallow, IDictionary`2 enabledFilters)
   at NHibernate.Impl.AbstractSessionImpl.GetHQLQueryPlan(String query, Boolean shallow)
   at NHibernate.Impl.AbstractSessionImpl.CreateQuery(String queryString)
   at PersistData.DishItemObjs.GetAllDishItem() in d:\MyDocs\Visual Studio 2010\Projects\GitExtTest\PersistData\DishItemObjs.cs:line 21
   at TestProject_Persist.PersitDataUnitTest.TestMethod1() in d:\MyDocs\Visual Studio 2010\Projects\GitExtTest\TestProject_Persist\PersitDataUnitTest.cs:line 17
</StackTrace>
        </ErrorInfo>
      </Output>
    </UnitTestResult>
  </Results>
</TestRun>